<?xml version="1.0" encoding="UTF-8"?>
<!-- Generated by org.testng.reporters.JUnitReportReporter -->
<testsuite hostname="Pros-MacBook-Pro-2.local" failures="0" tests="1" name="Registration.OpenProject" time="17.765" errors="0" timestamp="2023-07-24T15:18:37 IST" skipped="0">
  <testcase classname="Registration.OpenProject" name="openProject" time="17.765"/>
  <system-out/>
</testsuite> <!-- Registration.OpenProject -->
