<?xml version="1.0" encoding="UTF-8"?>
<!-- Generated by org.testng.reporters.JUnitReportReporter -->
<testsuite hostname="Pros-MacBook-Pro-2.local" failures="0" tests="1" name="ClientCompany.AddNewUserTest" time="30.894" errors="0" timestamp="2023-07-24T12:54:02 IST" skipped="0">
  <testcase classname="ClientCompany.AddNewUserTest" name="newAdmin" time="30.894"/>
  <system-out/>
</testsuite> <!-- ClientCompany.AddNewUserTest -->
