<?xml version="1.0" encoding="UTF-8"?>
<!-- Generated by org.testng.reporters.JUnitReportReporter -->
<testsuite hostname="Pros-MacBook-Pro-2.local" failures="0" tests="1" name="ClientCompany.AddNewUserTest" time="38.995" errors="0" timestamp="2023-08-08T17:28:57 IST" skipped="0">
  <testcase classname="ClientCompany.AddNewUserTest" name="newAdmin" time="38.995"/>
  <system-out/>
</testsuite> <!-- ClientCompany.AddNewUserTest -->
