<?xml version="1.0" encoding="UTF-8"?>
<!-- Generated by org.testng.reporters.JUnitReportReporter -->
<testsuite hostname="Pros-MacBook-Pro.local" failures="0" tests="2" name="Registration.TestCase" time="56.877" errors="0" timestamp="2023-05-23T15:25:14 IST" skipped="0">
  <testcase classname="Registration.TestCase" name="testCompanyScenario" time="31.311"/>
  <system-out/>
  <testcase classname="Registration.TestCase" name="scenario" time="25.566"/>
  <system-out/>
</testsuite> <!-- Registration.TestCase -->
