<?xml version="1.0" encoding="UTF-8"?>
<!-- Generated by org.testng.reporters.JUnitReportReporter -->
<testsuite hostname="Pros-MacBook-Pro-2.local" failures="0" tests="1" name="Registration.DeleteProjectTest" time="23.499" errors="0" timestamp="2023-08-07T18:00:41 IST" skipped="0">
  <testcase classname="Registration.DeleteProjectTest" name="deleteProject" time="23.499"/>
  <system-out/>
</testsuite> <!-- Registration.DeleteProjectTest -->
