<?xml version="1.0" encoding="UTF-8"?>
<!-- Generated by org.testng.reporters.JUnitReportReporter -->
<testsuite hostname="Pros-MacBook-Pro-2.local" failures="0" tests="1" name="MobberAccount.EditProfileTest" time="23.730" errors="0" timestamp="2023-08-09T10:38:20 IST" skipped="0">
  <testcase classname="MobberAccount.EditProfileTest" name="edit" time="23.730"/>
  <system-out/>
</testsuite> <!-- MobberAccount.EditProfileTest -->
