<?xml version="1.0" encoding="UTF-8"?>
<!-- Generated by org.testng.reporters.JUnitReportReporter -->
<testsuite hostname="Pros-MacBook-Pro.local" failures="0" tests="1" name="Registration.Edit_ProjectTest" time="28.177" errors="0" timestamp="2023-06-30T11:34:48 IST" skipped="0">
  <testcase classname="Registration.Edit_ProjectTest" name="edit" time="28.177"/>
  <system-out/>
</testsuite> <!-- Registration.Edit_ProjectTest -->
