<?xml version="1.0" encoding="UTF-8"?>
<!-- Generated by org.testng.reporters.JUnitReportReporter -->
<testsuite hostname="Pros-MacBook-Pro-2.local" failures="0" tests="1" name="Registration.CreateProjectByMethod" time="57.738" errors="0" timestamp="2023-08-04T13:28:36 IST" skipped="0">
  <testcase classname="Registration.CreateProjectByMethod" name="projectCreation" time="57.738"/>
  <system-out/>
</testsuite> <!-- Registration.CreateProjectByMethod -->
