<?xml version="1.0" encoding="UTF-8"?>
<!-- Generated by org.testng.reporters.JUnitReportReporter -->
<testsuite hostname="Pros-MacBook-Pro.local" failures="0" tests="1" name="Registration.CreateProjectByMethod" time="72.842" errors="0" timestamp="2023-06-12T14:51:40 IST" skipped="0">
  <testcase classname="Registration.CreateProjectByMethod" name="projectCreation" time="72.842"/>
  <system-out/>
</testsuite> <!-- Registration.CreateProjectByMethod -->
