<?xml version="1.0" encoding="UTF-8"?>
<!-- Generated by org.testng.reporters.JUnitReportReporter -->
<testsuite hostname="Pros-MacBook-Pro.local" failures="0" tests="1" name="Registration.OpenProject" time="8.125" errors="0" timestamp="2023-05-08T15:29:58 IST" skipped="0">
  <testcase classname="Registration.OpenProject" name="openProject" time="8.125"/>
  <system-out/>
</testsuite> <!-- Registration.OpenProject -->
