<?xml version="1.0" encoding="UTF-8"?>
<!-- Generated by org.testng.reporters.JUnitReportReporter -->
<testsuite hostname="Pros-MacBook-Pro-2.local" failures="0" tests="3" name="Registration.Change_StatusTest" time="64.313" errors="0" timestamp="2023-08-08T11:01:04 IST" skipped="0">
  <testcase classname="Registration.Change_StatusTest" name="changeStatus" time="19.784"/>
  <system-out/>
  <testcase classname="Registration.Change_StatusTest" name="changeStatus" time="22.193"/>
  <system-out/>
  <testcase classname="Registration.Change_StatusTest" name="changeStatus" time="22.336"/>
  <system-out/>
</testsuite> <!-- Registration.Change_StatusTest -->
