<?xml version="1.0" encoding="UTF-8"?>
<!-- Generated by org.testng.reporters.JUnitReportReporter -->
<testsuite hostname="Pros-MacBook-Pro-2.local" failures="0" tests="2" name="ClientCompany.AddNewUserTest" time="55.753" errors="0" timestamp="2023-08-04T16:52:18 IST" skipped="0">
  <testcase classname="ClientCompany.AddNewUserTest" name="addNewUser" time="29.207"/>
  <system-out/>
  <testcase classname="ClientCompany.AddNewUserTest" name="newAdmin" time="26.546"/>
  <system-out/>
</testsuite> <!-- ClientCompany.AddNewUserTest -->
