<?xml version="1.0" encoding="UTF-8"?>
<!-- Generated by org.testng.reporters.JUnitReportReporter -->
<testsuite hostname="Pros-MacBook-Pro-2.local" failures="0" tests="1" name="Registration.Change_StatusTest" time="20.995" errors="0" timestamp="2023-08-04T16:52:18 IST" skipped="0">
  <testcase classname="Registration.Change_StatusTest" name="changeStatus" time="20.995"/>
  <system-out/>
</testsuite> <!-- Registration.Change_StatusTest -->
