<?xml version="1.0" encoding="UTF-8"?>
<!-- Generated by org.testng.reporters.JUnitReportReporter -->
<testsuite hostname="Pros-MacBook-Pro-2.local" failures="0" tests="1" name="Registration.Change_StatusTest" time="25.847" errors="0" timestamp="2023-07-24T15:14:10 IST" skipped="0">
  <testcase classname="Registration.Change_StatusTest" name="changeStatus" time="25.847"/>
  <system-out/>
</testsuite> <!-- Registration.Change_StatusTest -->
