<?xml version="1.0" encoding="UTF-8"?>
<!-- Generated by org.testng.reporters.JUnitReportReporter -->
<testsuite hostname="Pros-MacBook-Pro-2.local" failures="0" tests="1" name="MobberAccount.MyprofilePageTest" time="18.263" errors="0" timestamp="2023-08-09T10:41:00 IST" skipped="0">
  <testcase classname="MobberAccount.MyprofilePageTest" name="myprofile" time="18.263"/>
  <system-out/>
</testsuite> <!-- MobberAccount.MyprofilePageTest -->
