<?xml version="1.0" encoding="UTF-8"?>
<!-- Generated by org.testng.reporters.JUnitReportReporter -->
<testsuite hostname="Pros-MacBook-Pro.local" failures="0" tests="1" name="MobberAccount.MyprofilePage" time="16.167" errors="0" timestamp="2023-06-30T12:11:36 IST" skipped="0">
  <testcase classname="MobberAccount.MyprofilePage" name="myprofile" time="16.167"/>
  <system-out/>
</testsuite> <!-- MobberAccount.MyprofilePage -->
