<?xml version="1.0" encoding="UTF-8"?>
<!-- Generated by org.testng.reporters.JUnitReportReporter -->
<testsuite hostname="Pros-MacBook-Pro-2.local" failures="0" tests="1" name="Registration.SelectClientDropDownTest" time="43.876" errors="0" timestamp="2023-08-10T10:13:59 IST" skipped="0">
  <testcase classname="Registration.SelectClientDropDownTest" name="selectClient" time="43.876"/>
  <system-out/>
</testsuite> <!-- Registration.SelectClientDropDownTest -->
