<?xml version="1.0" encoding="UTF-8"?>
<!-- Generated by org.testng.reporters.JUnitReportReporter -->
<testsuite hostname="Pros-MacBook-Pro-2.local" failures="0" tests="1" name="Registration.SingleMobberInTwoProposal" time="89.671" errors="0" timestamp="2023-08-04T16:18:44 IST" skipped="0">
  <testcase classname="Registration.SingleMobberInTwoProposal" name="singleMobber" time="89.671"/>
  <system-out/>
</testsuite> <!-- Registration.SingleMobberInTwoProposal -->
