<?xml version="1.0" encoding="UTF-8"?>
<!-- Generated by org.testng.reporters.JUnitReportReporter -->
<testsuite hostname="Pros-MacBook-Pro-2.local" failures="0" tests="1" name="Registration.CreateProjectByMethod" time="59.962" errors="0" timestamp="2023-07-26T10:52:03 IST" skipped="0">
  <testcase classname="Registration.CreateProjectByMethod" name="projectCreation" time="59.962"/>
  <system-out/>
</testsuite> <!-- Registration.CreateProjectByMethod -->
