<?xml version="1.0" encoding="UTF-8"?>
<!-- Generated by org.testng.reporters.JUnitReportReporter -->
<testsuite hostname="Pros-MacBook-Pro-2.local" failures="0" tests="3" name="Registration.Accept_MobberProposalTest" time="122.022" errors="0" timestamp="2023-08-08T16:25:45 IST" skipped="0">
  <testcase classname="Registration.Accept_MobberProposalTest" name="proposalSubmit" time="30.590"/>
  <system-out/>
  <testcase classname="Registration.Accept_MobberProposalTest" name="acceptProposal" time="46.709"/>
  <system-out/>
  <testcase classname="Registration.Accept_MobberProposalTest" name="removeMobberFromTeam" time="44.723"/>
  <system-out/>
</testsuite> <!-- Registration.Accept_MobberProposalTest -->
