<?xml version="1.0" encoding="UTF-8"?>
<!-- Generated by org.testng.reporters.JUnitReportReporter -->
<testsuite hostname="Pros-MacBook-Pro.local" failures="0" tests="1" name="ClientCompany.EditClientCompany" time="27.561" errors="0" timestamp="2023-06-09T17:13:01 IST" skipped="0">
  <testcase classname="ClientCompany.EditClientCompany" name="editCompany" time="27.561"/>
  <system-out/>
</testsuite> <!-- ClientCompany.EditClientCompany -->
