<?xml version="1.0" encoding="UTF-8"?>
<!-- Generated by org.testng.reporters.JUnitReportReporter -->
<testsuite hostname="Pros-MacBook-Pro-2.local" failures="0" tests="1" name="MobberAccount.EditProfile" time="17.926" errors="0" timestamp="2023-08-04T13:20:24 IST" skipped="0">
  <testcase classname="MobberAccount.EditProfile" name="edit" time="17.926"/>
  <system-out/>
</testsuite> <!-- MobberAccount.EditProfile -->
