<?xml version="1.0" encoding="UTF-8"?>
<!-- Generated by org.testng.reporters.JUnitReportReporter -->
<testsuite hostname="Pros-MacBook-Pro.local" failures="0" tests="2" name="ClientCompany.AddNewUserTest" time="65.714" errors="0" timestamp="2023-06-30T11:34:49 IST" skipped="0">
  <testcase classname="ClientCompany.AddNewUserTest" name="newAdmin" time="34.649"/>
  <system-out/>
  <testcase classname="ClientCompany.AddNewUserTest" name="addNewUser" time="31.065"/>
  <system-out/>
</testsuite> <!-- ClientCompany.AddNewUserTest -->
