<?xml version="1.0" encoding="UTF-8"?>
<!-- Generated by org.testng.reporters.JUnitReportReporter -->
<testsuite hostname="Pros-MacBook-Pro.local" failures="0" tests="1" name="Registration.Accept_MobberProposal" time="27.723" errors="0" timestamp="2023-06-30T12:18:51 IST" skipped="0">
  <testcase classname="Registration.Accept_MobberProposal" name="acceptProposal" time="27.723"/>
  <system-out/>
</testsuite> <!-- Registration.Accept_MobberProposal -->
