<?xml version="1.0" encoding="UTF-8"?>
<!-- Generated by org.testng.reporters.JUnitReportReporter -->
<testsuite hostname="Pros-MacBook-Pro-2.local" failures="0" tests="1" name="Registration.DeleteProject" time="18.393" errors="0" timestamp="2023-07-28T18:30:46 IST" skipped="0">
  <testcase classname="Registration.DeleteProject" name="deleteProject" time="18.393"/>
  <system-out/>
</testsuite> <!-- Registration.DeleteProject -->
