<?xml version="1.0" encoding="UTF-8"?>
<!-- Generated by org.testng.reporters.JUnitReportReporter -->
<testsuite hostname="Pros-MacBook-Pro-2.local" failures="0" tests="1" name="ClientCompany.EditClientCompany" time="25.355" errors="0" timestamp="2023-07-24T14:09:39 IST" skipped="0">
  <testcase classname="ClientCompany.EditClientCompany" name="editCompany" time="25.355"/>
  <system-out/>
</testsuite> <!-- ClientCompany.EditClientCompany -->
