<?xml version="1.0" encoding="UTF-8"?>
<!-- Generated by org.testng.reporters.JUnitReportReporter -->
<testsuite hostname="Pros-MacBook-Pro-2.local" failures="0" tests="1" name="MobberAccount.MyprofilePage" time="14.468" errors="0" timestamp="2023-08-04T16:46:03 IST" skipped="0">
  <testcase classname="MobberAccount.MyprofilePage" name="myprofile" time="14.468"/>
  <system-out/>
</testsuite> <!-- MobberAccount.MyprofilePage -->
