<?xml version="1.0" encoding="UTF-8"?>
<!-- Generated by org.testng.reporters.JUnitReportReporter -->
<testsuite hostname="Pros-MacBook-Pro-2.local" failures="0" tests="2" name="MobberAccount.RemoveNUpdateMobberProfilePic" time="43.213" errors="0" timestamp="2023-08-04T13:20:24 IST" skipped="0">
  <testcase classname="MobberAccount.RemoveNUpdateMobberProfilePic" name="UpdateProfilePic" time="21.335"/>
  <system-out/>
  <testcase classname="MobberAccount.RemoveNUpdateMobberProfilePic" name="removeProfile" time="21.878"/>
  <system-out/>
</testsuite> <!-- MobberAccount.RemoveNUpdateMobberProfilePic -->
