<?xml version="1.0" encoding="UTF-8"?>
<!-- Generated by org.testng.reporters.JUnitReportReporter -->
<testsuite hostname="Pros-MacBook-Pro-2.local" failures="0" tests="3" name="Registration.SingleMobberInTwoProposalTest" time="261.646" errors="0" timestamp="2023-08-07T17:09:59 IST" skipped="0">
  <testcase classname="Registration.SingleMobberInTwoProposalTest" name="singleMobber" time="88.596"/>
  <system-out/>
  <testcase classname="Registration.SingleMobberInTwoProposalTest" name="singleMobber" time="86.280"/>
  <system-out/>
  <testcase classname="Registration.SingleMobberInTwoProposalTest" name="singleMobber" time="86.770"/>
  <system-out/>
</testsuite> <!-- Registration.SingleMobberInTwoProposalTest -->
