<?xml version="1.0" encoding="UTF-8"?>
<!-- Generated by org.testng.reporters.JUnitReportReporter -->
<testsuite hostname="Pros-MacBook-Pro-2.local" failures="0" tests="2" name="MobberAccount.RemoveNUpdateMobberProfilePicTest" time="48.973" errors="0" timestamp="2023-08-09T10:43:21 IST" skipped="0">
  <testcase classname="MobberAccount.RemoveNUpdateMobberProfilePicTest" name="UpdateProfilePic" time="24.077"/>
  <system-out/>
  <testcase classname="MobberAccount.RemoveNUpdateMobberProfilePicTest" name="removeProfile" time="24.896"/>
  <system-out/>
</testsuite> <!-- MobberAccount.RemoveNUpdateMobberProfilePicTest -->
