<?xml version="1.0" encoding="UTF-8"?>
<!-- Generated by org.testng.reporters.JUnitReportReporter -->
<testsuite hostname="Pros-MacBook-Pro.local" failures="0" tests="2" name="MobberAccount.RemoveNUpdateMobberProfilePic" time="48.312" errors="0" timestamp="2023-06-30T12:47:42 IST" skipped="0">
  <testcase classname="MobberAccount.RemoveNUpdateMobberProfilePic" name="UpdateProfilePic" time="22.822"/>
  <system-out/>
  <testcase classname="MobberAccount.RemoveNUpdateMobberProfilePic" name="removeProfile" time="25.490"/>
  <system-out/>
</testsuite> <!-- MobberAccount.RemoveNUpdateMobberProfilePic -->
