<?xml version="1.0" encoding="UTF-8"?>
<!-- Generated by org.testng.reporters.JUnitReportReporter -->
<testsuite hostname="Pros-MacBook-Pro.local" failures="0" tests="1" name="MobberAccount.RemoveMobberProfilePic" time="20.045" errors="0" timestamp="2023-06-09T16:25:11 IST" skipped="0">
  <testcase classname="MobberAccount.RemoveMobberProfilePic" name="removeProfilePic" time="20.045"/>
  <system-out/>
</testsuite> <!-- MobberAccount.RemoveMobberProfilePic -->
