<?xml version="1.0" encoding="UTF-8"?>
<!-- Generated by org.testng.reporters.JUnitReportReporter -->
<testsuite hostname="Pros-MacBook-Pro.local" failures="0" tests="1" name="MobberAccount.TestPractice" time="15.070" errors="0" timestamp="2023-05-09T11:32:17 IST" skipped="0">
  <testcase classname="MobberAccount.TestPractice" name="testPractice" time="15.070"/>
  <system-out/>
</testsuite> <!-- MobberAccount.TestPractice -->
