<?xml version="1.0" encoding="UTF-8"?>
<!-- Generated by org.testng.reporters.JUnitReportReporter -->
<testsuite hostname="Pros-MacBook-Pro-2.local" failures="0" tests="1" name="Registration.SelectClientDropDownTest" time="32.676" errors="0" timestamp="2023-08-04T18:07:35 IST" skipped="0">
  <testcase classname="Registration.SelectClientDropDownTest" name="selectClient" time="32.676"/>
  <system-out/>
</testsuite> <!-- Registration.SelectClientDropDownTest -->
