<?xml version="1.0" encoding="UTF-8"?>
<!-- Generated by org.testng.reporters.JUnitReportReporter -->
<testsuite hostname="Pros-MacBook-Pro-2.local" failures="0" tests="1" name="Registration.Edit_ProjectTest" time="26.809" errors="0" timestamp="2023-07-24T15:18:04 IST" skipped="0">
  <testcase classname="Registration.Edit_ProjectTest" name="edit" time="26.809"/>
  <system-out/>
</testsuite> <!-- Registration.Edit_ProjectTest -->
