<?xml version="1.0" encoding="UTF-8"?>
<!-- Generated by org.testng.reporters.JUnitReportReporter -->
<testsuite hostname="Pros-MacBook-Pro-2.local" failures="0" tests="1" name="MobberAccount.Sample1" time="31.761" errors="0" timestamp="2023-08-04T13:14:34 IST" skipped="0">
  <testcase classname="MobberAccount.Sample1" name="selectProject" time="31.761"/>
  <system-out/>
</testsuite> <!-- MobberAccount.Sample1 -->
