<?xml version="1.0" encoding="UTF-8"?>
<!-- Generated by org.testng.reporters.JUnitReportReporter -->
<testsuite hostname="Pros-MacBook-Pro-2.local" failures="0" tests="1" name="Registration.ApproveMobberTest" time="31.949" errors="0" timestamp="2023-08-10T10:15:13 IST" skipped="0">
  <testcase classname="Registration.ApproveMobberTest" name="approveMobber" time="31.949"/>
  <system-out/>
</testsuite> <!-- Registration.ApproveMobberTest -->
